2020-06-30 17:06:26 1366:Incorrect string value: '\x82\xAF \xE3\x83\xA1...' for column 'name' at row 1-->インサート時のエラー
2020-06-30 17:06:26 1366:Incorrect string value: '\xA4\xBE\xE3\x81\xAE\xE4...' for column 'name' at row 1-->インサート時のエラー
2020-06-30 17:06:26 1366:Incorrect string value: '\x83\xAB\xE3\x80\x801...' for column 'name' at row 1-->インサート時のエラー
2020-06-30 17:06:26 1366:Incorrect string value: '\xE3\x81E\xE3\x82\xB7...' for column 'name' at row 1-->インサート時のエラー
2020-06-30 17:06:26 1366:Incorrect string value: '\xE3\x81E\xE3\x83\x8B...' for column 'name' at row 1-->インサート時のエラー
2020-06-30 17:06:26 1366:Incorrect string value: '\x95\x86\xE5\x93\x81\xE3...' for column 'name' at row 1-->インサート時のエラー
2020-06-30 17:06:26 1366:Incorrect string value: '\x81E \xE3\x82\xA2...' for column 'name' at row 1-->インサート時のエラー
2020-06-30 17:06:26 1366:Incorrect string value: '\xE3\x81E\xE3\x82\xB7...' for column 'name' at row 1-->インサート時のエラー
2020-06-30 17:06:26 1366:Incorrect string value: '\x83\x83\xE3\x83\x81\xE3...' for column 'name' at row 1-->インサート時のエラー
2020-06-30 17:06:26 1366:Incorrect string value: '\xE3\x81E ( ...' for column 'name' at row 1-->インサート時のエラー
2020-06-30 17:06:26 1366:Incorrect string value: '\x82\xAF ( \xE3...' for column 'name' at row 1-->インサート時のエラー
2020-06-30 17:06:26 1366:Incorrect string value: '\x83\x88\xE3\x80\x81E...' for column 'name' at row 1-->インサート時のエラー
2020-06-30 17:06:26 1366:Incorrect string value: '\x81E\xE3\x83\xAB1...' for column 'name' at row 1-->インサート時のエラー
2020-06-30 17:06:26 1366:Incorrect string value: '\x83\x95\xE3\x82\xA1\xE3...' for column 'name' at row 1-->インサート時のエラー
2020-06-30 17:06:26 1366:Incorrect string value: '\x83\x89\xE3\x82\xA5\xE3...' for column 'name' at row 1-->インサート時のエラー
2020-06-30 17:06:26 1366:Incorrect string value: '\x81E\xE6\xAD\xA3\xE8...' for column 'name' at row 1-->インサート時のエラー
2020-06-30 17:06:26 1366:Incorrect string value: '\x81E\x81E\x82\xAB...' for column 'name' at row 1-->インサート時のエラー
2020-06-30 17:06:26 1366:Incorrect string value: '\x81E\xE6\xAD\xA3\xE8...' for column 'name' at row 1-->インサート時のエラー
2020-06-30 17:06:26 1366:Incorrect string value: '\x82\xB7\xE3\x83\xA5 ...' for column 'name' at row 1-->インサート時のエラー
2020-06-30 17:06:26 1366:Incorrect string value: '\x81E\xE6\xAD\xA3\xE8...' for column 'name' at row 1-->インサート時のエラー
2020-06-30 17:06:26 1366:Incorrect string value: '\xE3\x81E\xE3\x83\x88...' for column 'name' at row 1-->インサート時のエラー
2020-06-30 17:06:26 1366:Incorrect string value: '\x83\x88 @13...' for column 'name' at row 1-->インサート時のエラー
2020-06-30 17:06:26 1366:Incorrect string value: '\x83\x88 @11...' for column 'name' at row 1-->インサート時のエラー
2020-06-30 17:06:26 1366:Incorrect string value: '\x83\x88 @73...' for column 'name' at row 1-->インサート時のエラー
2020-06-30 17:06:26 1366:Incorrect string value: '\x83\x88 @90...' for column 'name' at row 1-->インサート時のエラー
2020-06-30 17:06:26 1366:Incorrect string value: '\x83\x88 @11...' for column 'name' at row 1-->インサート時のエラー
2020-06-30 17:06:26 1366:Incorrect string value: '\x83\x88 @82...' for column 'name' at row 1-->インサート時のエラー
2020-06-30 17:06:26 1366:Incorrect string value: '\xBA\x97\xE5\x95\x86\xE5...' for column 'name' at row 1-->インサート時のエラー
2020-06-30 17:06:26 1366:Incorrect integer value: ' Brain and Behavior SLEEP DEPRIVATION & DISEASE [ Matt T. Bianchi ]' for column 'price' at row 1-->インサート時のエラー
2020-06-30 17:06:26 1366:Incorrect string value: '\x81E\x81Eis...' for column 'name' at row 1-->インサート時のエラー
2020-06-30 17:06:26 1366:Incorrect string value: '\x83\x88 \xE3\x83\x81...' for column 'name' at row 1-->インサート時のエラー
2020-06-30 17:06:26 1366:Incorrect string value: '\x82\xAF' for column 'name' at row 1-->インサート時のエラー
2020-06-30 17:06:26 1366:Incorrect string value: '\x97\xE3\x83\x96\xE3\x83...' for column 'name' at row 1-->インサート時のエラー
2020-06-30 17:06:26 1366:Incorrect string value: '\x81E \xE3\x82\xA2...' for column 'name' at row 1-->インサート時のエラー
2020-06-30 17:06:26 1366:Incorrect string value: '\xBA\x97\xE5\x95\x86\xE5...' for column 'name' at row 1-->インサート時のエラー
2020-06-30 17:06:26 1366:Incorrect string value: '\xE3\x81E\xE3\x83\x88...' for column 'name' at row 1-->インサート時のエラー
2020-06-30 17:06:26 1366:Incorrect string value: '\xE3\x81E\xE3\x83\x81...' for column 'name' at row 1-->インサート時のエラー
2020-06-30 17:06:26 1366:Incorrect string value: '\x83\x81\xE3\x82\xB7\xE3...' for column 'name' at row 1-->インサート時のエラー
2020-06-30 17:06:26 1366:Incorrect string value: '\xE3\x81E\xE3\x83\x88...' for column 'name' at row 1-->インサート時のエラー
2020-06-30 17:06:26 1366:Incorrect integer value: '' for column 'id' at row 1-->インサート時のエラー
2020-06-30 17:06:51 1366:Incorrect integer value: ' Bianchi 1:18 by CMR' for column 'price' at row 1-->インサート時のエラー
2020-06-30 17:06:51 1366:Incorrect integer value: ' Blaton 1:18 CMR' for column 'price' at row 1-->インサート時のエラー
2020-06-30 17:06:51 1366:Incorrect integer value: ' Brain and Behavior SLEEP DEPRIVATION & DISEASE [ Matt T. Bianchi ]' for column 'price' at row 1-->インサート時のエラー
2020-06-30 17:06:51 1366:Incorrect integer value: '' for column 'id' at row 1-->インサート時のエラー
2020-06-30 17:48:38 1064:You have an error in your SQL syntax; check the manual that corresponds to your MySQL server version for the right syntax to use near 's Second Pre-Columbian Chinese Settlement WRITTEN IN THE RUINS [ Paul Chiasson ]' at line 2-->インサート時のエラー
